<?xml version="1.0" encoding="UTF-8"?>
<coverage generated="1502391055">
  <project timestamp="1502391055">
    <package name="BoletoZendFramework\Exception">
      <file name="C:\Users\Jesus Vieira\sites\BoletoZendFramework\src/Exception/BoletoZendFrameworkException.php">
        <class name="BoletoZendFrameworkException" namespace="BoletoZendFramework\Exception">
          <metrics complexity="0" methods="0" coveredmethods="0" conditionals="0" coveredconditionals="0" statements="0" coveredstatements="0" elements="0" coveredelements="0"/>
        </class>
        <metrics loc="9" ncloc="9" classes="0" methods="0" coveredmethods="0" conditionals="0" coveredconditionals="0" statements="0" coveredstatements="0" elements="0" coveredelements="0"/>
      </file>
    </package>
    <package name="BoletoZendFramework\Factory">
      <file name="C:\Users\Jesus Vieira\sites\BoletoZendFramework\src/Factory/BoletoFactory.php">
        <class name="BoletoFactory" namespace="BoletoZendFramework\Factory">
          <metrics complexity="4" methods="3" coveredmethods="3" conditionals="0" coveredconditionals="0" statements="14" coveredstatements="14" elements="17" coveredelements="17"/>
        </class>
        <line num="18" type="method" name="__invoke" visibility="public" complexity="2" crap="2" count="4"/>
        <line num="20" type="stmt" count="4"/>
        <line num="21" type="stmt" count="4"/>
        <line num="22" type="stmt" count="1"/>
        <line num="25" type="stmt" count="3"/>
        <line num="26" type="stmt" count="3"/>
        <line num="27" type="stmt" count="3"/>
        <line num="28" type="stmt" count="3"/>
        <line num="29" type="stmt" count="3"/>
        <line num="30" type="stmt" count="3"/>
        <line num="33" type="stmt" count="3"/>
        <line num="36" type="method" name="setDadosPagador" visibility="public" complexity="1" crap="1" count="2"/>
        <line num="38" type="stmt" count="2"/>
        <line num="39" type="stmt" count="2"/>
        <line num="42" type="method" name="setDadosBoleto" visibility="public" complexity="1" crap="1" count="2"/>
        <line num="44" type="stmt" count="2"/>
        <line num="45" type="stmt" count="2"/>
        <metrics loc="47" ncloc="44" classes="1" methods="3" coveredmethods="3" conditionals="0" coveredconditionals="0" statements="14" coveredstatements="14" elements="17" coveredelements="17"/>
      </file>
    </package>
    <package name="BoletoZendFramework">
      <file name="C:\Users\Jesus Vieira\sites\BoletoZendFramework\src/Module.php">
        <class name="Module" namespace="BoletoZendFramework">
          <metrics complexity="1" methods="1" coveredmethods="0" conditionals="0" coveredconditionals="0" statements="1" coveredstatements="0" elements="2" coveredelements="0"/>
        </class>
        <line num="9" type="method" name="getConfig" visibility="public" complexity="1" crap="2" count="0"/>
        <line num="11" type="stmt" count="0"/>
        <metrics loc="13" ncloc="13" classes="1" methods="1" coveredmethods="0" conditionals="0" coveredconditionals="0" statements="1" coveredstatements="0" elements="2" coveredelements="0"/>
      </file>
    </package>
    <package name="BoletoZendFramework\Service">
      <file name="C:\Users\Jesus Vieira\sites\BoletoZendFramework\src/Service/BoletoService.php">
        <class name="BoletoService" namespace="BoletoZendFramework\Service">
          <metrics complexity="5" methods="4" coveredmethods="4" conditionals="0" coveredconditionals="0" statements="15" coveredstatements="15" elements="19" coveredelements="19"/>
        </class>
        <line num="15" type="method" name="setDadosPagador" visibility="public" complexity="1" crap="1" count="5"/>
        <line num="17" type="stmt" count="5"/>
        <line num="18" type="stmt" count="5"/>
        <line num="21" type="method" name="setDadosBeneficiario" visibility="public" complexity="1" crap="1" count="5"/>
        <line num="23" type="stmt" count="5"/>
        <line num="24" type="stmt" count="5"/>
        <line num="27" type="method" name="setDadosBoleto" visibility="public" complexity="1" crap="1" count="4"/>
        <line num="29" type="stmt" count="4"/>
        <line num="30" type="stmt" count="4"/>
        <line num="33" type="method" name="getBoleto" visibility="public" complexity="2" crap="2" count="12"/>
        <line num="35" type="stmt" count="12"/>
        <line num="36" type="stmt" count="12"/>
        <line num="38" type="stmt" count="12"/>
        <line num="39" type="stmt" count="12"/>
        <line num="40" type="stmt" count="12"/>
        <line num="43" type="stmt" count="12"/>
        <line num="44" type="stmt" count="12"/>
        <line num="45" type="stmt" count="1"/>
        <line num="48" type="stmt" count="11"/>
        <metrics loc="50" ncloc="50" classes="1" methods="4" coveredmethods="4" conditionals="0" coveredconditionals="0" statements="15" coveredstatements="15" elements="19" coveredelements="19"/>
      </file>
    </package>
    <file name="C:\Users\Jesus Vieira\sites\BoletoZendFramework\src/Service/BoletoServiceInterface.php">
      <metrics loc="23" ncloc="23" classes="0" methods="0" coveredmethods="0" conditionals="0" coveredconditionals="0" statements="0" coveredstatements="0" elements="0" coveredelements="0"/>
    </file>
    <metrics files="5" loc="142" ncloc="139" classes="3" methods="8" coveredmethods="7" conditionals="0" coveredconditionals="0" statements="30" coveredstatements="29" elements="38" coveredelements="36"/>
  </project>
</coverage>
